<?xml version="1.0" encoding="UTF-8"?>
<testng-results skipped="0" failed="0" total="1" passed="1">
  <reporter-output>
  </reporter-output>
  <suite name="Default suite" duration-ms="11978" started-at="2019-09-04T16:02:35Z" finished-at="2019-09-04T16:02:47Z">
    <groups>
    </groups>
    <test name="Default test" duration-ms="11978" started-at="2019-09-04T16:02:35Z" finished-at="2019-09-04T16:02:47Z">
      <class name="basicSelenium.Flipkart1">
        <test-method status="PASS" signature="test()[pri:0, instance:basicSelenium.Flipkart1@9629756]" name="test" duration-ms="11945" started-at="2019-09-04T21:32:35Z" finished-at="2019-09-04T21:32:47Z">
          <reporter-output>
          </reporter-output>
        </test-method> <!-- test -->
      </class> <!-- basicSelenium.Flipkart1 -->
    </test> <!-- Default test -->
  </suite> <!-- Default suite -->
</testng-results>
