<?xml version="1.0" encoding="UTF-8"?>
<!-- Generated by org.testng.reporters.JUnitXMLReporter -->
<testsuite hostname="Daya-PC" name="SFDC" tests="5" failures="0" timestamp="28 Aug 2019 14:19:29 GMT" time="0.062" errors="0">
  <testcase name="test1" time="0.016" classname="basicAnnotations2.TestClass3"/>
  <testcase name="test3" time="0.0" classname="basicAnnotations2.TestClass3"/>
  <testcase name="test1" time="0.0" classname="basicAnnotations2.TestClass2"/>
  <testcase name="test2" time="0.0" classname="basicAnnotations2.TestClass2"/>
  <testcase name="test3" time="0.0" classname="basicAnnotations2.TestClass2"/>
</testsuite> <!-- SFDC -->
