<?xml version="1.0" encoding="UTF-8"?>
<testng-results skipped="0" failed="0" total="1" passed="1">
  <reporter-output>
  </reporter-output>
  <suite name="Default suite" duration-ms="45" started-at="2019-08-26T02:41:57Z" finished-at="2019-08-26T02:41:58Z">
    <groups>
    </groups>
    <test name="Default test" duration-ms="45" started-at="2019-08-26T02:41:57Z" finished-at="2019-08-26T02:41:58Z">
      <class name="testNG.TestNGClass1">
        <test-method status="PASS" signature="maintsheet()[pri:0, instance:testNG.TestNGClass1@2344fc66]" name="maintsheet" duration-ms="13" started-at="2019-08-26T08:11:58Z" finished-at="2019-08-26T08:11:58Z">
          <reporter-output>
          </reporter-output>
        </test-method> <!-- maintsheet -->
      </class> <!-- testNG.TestNGClass1 -->
    </test> <!-- Default test -->
  </suite> <!-- Default suite -->
</testng-results>
