<?xml version="1.0" encoding="UTF-8"?>
<!-- Generated by org.testng.reporters.JUnitXMLReporter -->
<testsuite hostname="Daya-PC" name="Default test" tests="11" failures="0" timestamp="1 Sep 2019 13:13:00 GMT" time="1.1" errors="0">
  <testcase name="loginTestCase" time="0.029" classname="basiAnnotation.TestngClass1"/>
  <testcase name="loginTestCase" time="0.003" classname="basiAnnotation.TestngClass1"/>
  <testcase name="loginTestCase" time="0.003" classname="basiAnnotation.TestngClass1"/>
  <testcase name="loginTestCase" time="0.003" classname="basiAnnotation.TestngClass1"/>
  <testcase name="loginTestCase" time="0.001" classname="basiAnnotation.TestngClass1"/>
  <testcase name="loginTestCase" time="0.002" classname="basiAnnotation.TestngClass1"/>
  <testcase name="loginTestCase" time="0.002" classname="basiAnnotation.TestngClass1"/>
  <testcase name="loginTestCase" time="0.002" classname="basiAnnotation.TestngClass1"/>
  <testcase name="loginTestCase" time="0.001" classname="basiAnnotation.TestngClass1"/>
  <testcase name="loginTestCase" time="0.005" classname="basiAnnotation.TestngClass1"/>
  <testcase name="loginTestCase" time="0.003" classname="basiAnnotation.TestngClass1"/>
</testsuite> <!-- Default test -->
