<?xml version="1.0" encoding="UTF-8"?>
<testng-results skipped="0" failed="0" total="2" passed="2">
  <reporter-output>
  </reporter-output>
  <suite name="Default suite" duration-ms="62059" started-at="2019-09-04T03:25:56Z" finished-at="2019-09-04T03:26:58Z">
    <groups>
    </groups>
    <test name="Default test" duration-ms="62059" started-at="2019-09-04T03:25:56Z" finished-at="2019-09-04T03:26:58Z">
      <class name="basicCelenium.FirstSeleniumClass">
        <test-method status="PASS" signature="login(java.lang.String, java.lang.String)[pri:0, instance:basicCelenium.FirstSeleniumClass@51081592]" name="login" duration-ms="39089" started-at="2019-09-04T08:55:56Z" data-provider="getdata" finished-at="2019-09-04T08:56:35Z">
          <params>
            <param index="0">
              <value>
                <![CDATA[mercury]]>
              </value>
            </param>
            <param index="1">
              <value>
                <![CDATA[mercury]]>
              </value>
            </param>
          </params>
          <reporter-output>
          </reporter-output>
        </test-method> <!-- login -->
        <test-method status="PASS" signature="login(java.lang.String, java.lang.String)[pri:0, instance:basicCelenium.FirstSeleniumClass@51081592]" name="login" duration-ms="22518" started-at="2019-09-04T08:56:35Z" data-provider="getdata" finished-at="2019-09-04T08:56:58Z">
          <params>
            <param index="0">
              <value>
                <![CDATA[mercury]]>
              </value>
            </param>
            <param index="1">
              <value>
                <![CDATA[mercury]]>
              </value>
            </param>
          </params>
          <reporter-output>
          </reporter-output>
        </test-method> <!-- login -->
      </class> <!-- basicCelenium.FirstSeleniumClass -->
    </test> <!-- Default test -->
  </suite> <!-- Default suite -->
</testng-results>
